<?xml version="1.0" encoding="UTF-8"?>
<testsuite name="challenge.server.config.JasyptConfigTest" tests="1" skipped="0" failures="0" errors="0" timestamp="2023-01-10T17:11:42" hostname="gimchanbin-ui-MacBookPro.local" time="0.094">
  <properties/>
  <testcase name="jasypt()" classname="challenge.server.config.JasyptConfigTest" time="0.094"/>
  <system-out><![CDATA[2023-01-11 02:11:42.903  INFO 87205 --- [    Test worker] .b.t.c.SpringBootTestContextBootstrapper : Neither @ContextConfiguration nor @ContextHierarchy found for test class [challenge.server.config.JasyptConfigTest], using SpringBootContextLoader
2023-01-11 02:11:42.904  INFO 87205 --- [    Test worker] o.s.t.c.support.AbstractContextLoader    : Could not detect default resource locations for test class [challenge.server.config.JasyptConfigTest]: no resource found for suffixes {-context.xml, Context.groovy}.
2023-01-11 02:11:42.904  INFO 87205 --- [    Test worker] t.c.s.AnnotationConfigContextLoaderUtils : Could not detect default configuration classes for test class [challenge.server.config.JasyptConfigTest]: JasyptConfigTest does not declare any static, non-private, non-final, nested classes annotated with @Configuration.
2023-01-11 02:11:42.910  INFO 87205 --- [    Test worker] .b.t.c.SpringBootTestContextBootstrapper : Found @SpringBootConfiguration challenge.server.ServerApplication for test class challenge.server.config.JasyptConfigTest
2023-01-11 02:11:42.912  INFO 87205 --- [    Test worker] .b.t.c.SpringBootTestContextBootstrapper : Loaded default TestExecutionListener class names from location [META-INF/spring.factories]: [org.springframework.security.test.context.support.WithSecurityContextTestExecutionListener, org.springframework.security.test.context.support.ReactorContextTestExecutionListener, org.springframework.boot.test.autoconfigure.restdocs.RestDocsTestExecutionListener, org.springframework.boot.test.autoconfigure.web.client.MockRestServiceServerResetTestExecutionListener, org.springframework.boot.test.autoconfigure.web.servlet.MockMvcPrintOnlyOnFailureTestExecutionListener, org.springframework.boot.test.autoconfigure.web.servlet.WebDriverTestExecutionListener, org.springframework.boot.test.autoconfigure.webservices.client.MockWebServiceServerTestExecutionListener, org.springframework.boot.test.mock.mockito.MockitoTestExecutionListener, org.springframework.boot.test.mock.mockito.ResetMocksTestExecutionListener, org.springframework.test.context.web.ServletTestExecutionListener, org.springframework.test.context.support.DirtiesContextBeforeModesTestExecutionListener, org.springframework.test.context.event.ApplicationEventsTestExecutionListener, org.springframework.test.context.support.DependencyInjectionTestExecutionListener, org.springframework.test.context.support.DirtiesContextTestExecutionListener, org.springframework.test.context.transaction.TransactionalTestExecutionListener, org.springframework.test.context.jdbc.SqlScriptsTestExecutionListener, org.springframework.test.context.event.EventPublishingTestExecutionListener]
2023-01-11 02:11:42.913  INFO 87205 --- [    Test worker] .b.t.c.SpringBootTestContextBootstrapper : Using TestExecutionListeners: [org.springframework.test.context.web.ServletTestExecutionListener@6c524a7f, org.springframework.test.context.support.DirtiesContextBeforeModesTestExecutionListener@61b3de5b, org.springframework.test.context.event.ApplicationEventsTestExecutionListener@12c1826, org.springframework.boot.test.mock.mockito.MockitoTestExecutionListener@107ac2b6, org.springframework.boot.test.autoconfigure.SpringBootDependencyInjectionTestExecutionListener@6e057374, org.springframework.test.context.support.DirtiesContextTestExecutionListener@113b39e9, org.springframework.test.context.transaction.TransactionalTestExecutionListener@70b7fec0, org.springframework.test.context.jdbc.SqlScriptsTestExecutionListener@361eed12, org.springframework.security.test.context.support.WithSecurityContextTestExecutionListener@73c5b676, org.springframework.test.context.event.EventPublishingTestExecutionListener@3bf92d96, org.springframework.security.test.context.support.ReactorContextTestExecutionListener@747795d7, org.springframework.boot.test.autoconfigure.restdocs.RestDocsTestExecutionListener@35408036, org.springframework.boot.test.autoconfigure.web.client.MockRestServiceServerResetTestExecutionListener@6be8e6ee, org.springframework.boot.test.autoconfigure.web.servlet.MockMvcPrintOnlyOnFailureTestExecutionListener@198fe398, org.springframework.boot.test.autoconfigure.web.servlet.WebDriverTestExecutionListener@511e0453, org.springframework.boot.test.autoconfigure.webservices.client.MockWebServiceServerTestExecutionListener@60ee6f76, org.springframework.boot.test.mock.mockito.ResetMocksTestExecutionListener@4c1d2a13]
q807zQXnYjjmouO1HPcKwQ==
t0SvUe2mDdIyeOM6NKJasLCGrLCTK49p
5zuUwdwxCubCFfvLVt9MBXw7X2r4WHQQ
NM/BPq02JuYNu4XSIKbGxmsWqu3TrnUXZVwGywyShEs=
dFE9hVQcJHM1JFN7ZIAItw==
]]></system-out>
  <system-err><![CDATA[]]></system-err>
</testsuite>
